app/build/outputs/apk/manifest-merger-debug-report.txt
-- Merging decision tree log ---
manifest
ADDED from AndroidManifest.xml:2:1
	xmlns:android
		ADDED from AndroidManifest.xml:2:11
	package
		ADDED from AndroidManifest.xml:3:7
		INJECTED from AndroidManifest.xml:0:0
		INJECTED from AndroidManifest.xml:0:0
	android:versionName
		ADDED from AndroidManifest.xml:5:7
	android:versionCode
		ADDED from AndroidManifest.xml:4:7
		INJECTED from AndroidManifest.xml:0:0
		INJECTED from AndroidManifest.xml:0:0
uses-sdk
ADDED from AndroidManifest.xml:6:5
	android:targetSdkVersion
		INJECTED from AndroidManifest.xml:0:0
		INJECTED from AndroidManifest.xml:0:0
	android:minSdkVersion
		ADDED from AndroidManifest.xml:6:15
		INJECTED from AndroidManifest.xml:0:0
		INJECTED from AndroidManifest.xml:0:0
uses-permission#android.permission.ACCESS_NETWORK_STATE
ADDED from AndroidManifest.xml:7:5
	android:name
		ADDED from AndroidManifest.xml:7:22
uses-permission#android.permission.WRITE_EXTERNAL_STORAGE
ADDED from AndroidManifest.xml:8:5
	android:name
		ADDED from AndroidManifest.xml:8:22
uses-permission#android.permission.INTERNET
ADDED from AndroidManifest.xml:9:5
	android:name
		ADDED from AndroidManifest.xml:9:22
uses-permission#android.permission.INSTALL_PACKAGES
ADDED from AndroidManifest.xml:10:5
	android:name
		ADDED from AndroidManifest.xml:10:22
uses-permission#android.permission.DELETE_PACKAGES
ADDED from AndroidManifest.xml:11:2
	android:name
		ADDED from AndroidManifest.xml:11:19
application
ADDED from AndroidManifest.xml:12:5
	android:label
		ADDED from AndroidManifest.xml:12:57
	android:debuggable
		ADDED from AndroidManifest.xml:12:90
	android:icon
		ADDED from AndroidManifest.xml:12:18
activity#com.slsatl.aac.MainPage
ADDED from AndroidManifest.xml:13:9
	android:screenOrientation
		ADDED from AndroidManifest.xml:13:44
	android:label
		ADDED from AndroidManifest.xml:14:19
	android:name
		ADDED from AndroidManifest.xml:13:19
intent-filter#android.intent.action.MAIN+android.intent.category.LAUNCHER
ADDED from AndroidManifest.xml:15:13
action#android.intent.action.MAIN
ADDED from AndroidManifest.xml:16:17
	android:name
		ADDED from AndroidManifest.xml:16:25
category#android.intent.category.LAUNCHER
ADDED from AndroidManifest.xml:17:17
	android:name
		ADDED from AndroidManifest.xml:17:27
activity#com.slsatl.aac.ComposePage
ADDED from AndroidManifest.xml:20:9
	android:screenOrientation
		ADDED from AndroidManifest.xml:20:71
	android:label
		ADDED from AndroidManifest.xml:20:47
	android:name
		ADDED from AndroidManifest.xml:20:19
activity#com.slsatl.aac.SettingPage
ADDED from AndroidManifest.xml:21:4
	android:screenOrientation
		ADDED from AndroidManifest.xml:21:67
	android:label
		ADDED from AndroidManifest.xml:21:42
	android:name
		ADDED from AndroidManifest.xml:21:14
activity#com.slsatl.aac.DownloadPage
ADDED from AndroidManifest.xml:22:4
	android:screenOrientation
		ADDED from AndroidManifest.xml:22:69
	android:label
		ADDED from AndroidManifest.xml:22:43
	android:name
		ADDED from AndroidManifest.xml:22:14
activity#com.slsatl.aac.CategorySettingPage
ADDED from AndroidManifest.xml:23:3
	android:screenOrientation
		ADDED from AndroidManifest.xml:23:76
	android:label
		ADDED from AndroidManifest.xml:23:49
	android:name
		ADDED from AndroidManifest.xml:23:13
activity#com.slsatl.aac.VocabSettingPage
ADDED from AndroidManifest.xml:24:3
	android:name
		ADDED from AndroidManifest.xml:24:13
activity#com.slsatl.aac.HelpPage
ADDED from AndroidManifest.xml:25:3
	android:screenOrientation
		ADDED from AndroidManifest.xml:25:59
	android:label
		ADDED from AndroidManifest.xml:25:38
	android:name
		ADDED from AndroidManifest.xml:25:13
activity#com.slsatl.aac.TTSPage
ADDED from AndroidManifest.xml:26:3
	android:screenOrientation
		ADDED from AndroidManifest.xml:26:37
	android:name
		ADDED from AndroidManifest.xml:26:13
activity#com.slsatl.aac.ValidatePage
ADDED from AndroidManifest.xml:27:3
	android:screenOrientation
		ADDED from AndroidManifest.xml:27:42
	android:name
		ADDED from AndroidManifest.xml:27:13